# JRE version: Java(TM) SE Runtime Environment (8.0_31-b13) (build 1.8.0_31-b13)
# Java VM: Java HotSpot(TM) 64-Bit Server VM (25.31-b07 mixed mode windows-amd64 compressed oops)
Heap:
 PSYoungGen      total 226816K, used 173784K [0x00000000eab00000, 0x0000000100000000, 0x0000000100000000)
  eden space 146432K, 74% used [0x00000000eab00000,0x00000000f14f0e88,0x00000000f3a00000)
  from space 80384K, 81% used [0x00000000fb180000,0x00000000ff145428,0x0000000100000000)
  to   space 101376K, 0% used [0x00000000f3a00000,0x00000000f3a00000,0x00000000f9d00000)
 ParOldGen       total 176128K, used 115242K [0x00000000c0000000, 0x00000000cac00000, 0x00000000eab00000)
  object space 176128K, 65% used [0x00000000c0000000,0x00000000c708aba0,0x00000000cac00000)
 Metaspace       used 5956K, capacity 7088K, committed 7296K, reserved 1056768K
  class space    used 569K, capacity 616K, committed 640K, reserved 1048576K
GC Heap History (10 events):
Event: 19.839 GC heap before
{Heap before GC invocations=8 (full 2):
 PSYoungGen      total 138240K, used 133120K [0x00000000eab00000, 0x0000000100000000, 0x0000000100000000)
  eden space 133120K, 100% used [0x00000000eab00000,0x00000000f2d00000,0x00000000f2d00000)
  from space 5120K, 0% used [0x00000000f2d00000,0x00000000f2d00000,0x00000000f3200000)
  to   space 61952K, 0% used [0x00000000fc380000,0x00000000fc380000,0x0000000100000000)
 ParOldGen       total 176128K, used 67676K [0x00000000c0000000, 0x00000000cac00000, 0x00000000eab00000)
  object space 176128K, 38% used [0x00000000c0000000,0x00000000c4217018,0x00000000cac00000)
 Metaspace       used 5828K, capacity 7088K, committed 7296K, reserved 1056768K
  class space    used 550K, capacity 616K, committed 640K, reserved 1048576K
Event: 21.980 GC heap after
Heap after GC invocations=8 (full 2):
 PSYoungGen      total 267776K, used 53083K [0x00000000eab00000, 0x0000000100000000, 0x0000000100000000)
  eden space 205824K, 0% used [0x00000000eab00000,0x00000000eab00000,0x00000000f7400000)
  from space 61952K, 85% used [0x00000000fc380000,0x00000000ff756e90,0x0000000100000000)
  to   space 71680K, 0% used [0x00000000f7400000,0x00000000f7400000,0x00000000fba00000)
 ParOldGen       total 176128K, used 67676K [0x00000000c0000000, 0x00000000cac00000, 0x00000000eab00000)
  object space 176128K, 38% used [0x00000000c0000000,0x00000000c4217018,0x00000000cac00000)
 Metaspace       used 5828K, capacity 7088K, committed 7296K, reserved 1056768K
  class space    used 550K, capacity 616K, committed 640K, reserved 1048576K
}
Event: 27.791 GC heap before
{Heap before GC invocations=9 (full 2):
 PSYoungGen      total 267776K, used 258907K [0x00000000eab00000, 0x0000000100000000, 0x0000000100000000)
  eden space 205824K, 99% used [0x00000000eab00000,0x00000000f73ffdd0,0x00000000f7400000)
  from space 61952K, 85% used [0x00000000fc380000,0x00000000ff756e90,0x0000000100000000)
  to   space 71680K, 0% used [0x00000000f7400000,0x00000000f7400000,0x00000000fba00000)
 ParOldGen       total 176128K, used 67676K [0x00000000c0000000, 0x00000000cac00000, 0x00000000eab00000)
  object space 176128K, 38% used [0x00000000c0000000,0x00000000c4217018,0x00000000cac00000)
 Metaspace       used 5850K, capacity 7088K, committed 7296K, reserved 1056768K
  class space    used 550K, capacity 616K, committed 640K, reserved 1048576K
Event: 28.738 GC heap after
Heap after GC invocations=9 (full 2):
 PSYoungGen      total 266240K, used 59995K [0x00000000eab00000, 0x0000000100000000, 0x0000000100000000)
  eden space 205824K, 0% used [0x00000000eab00000,0x00000000eab00000,0x00000000f7400000)
  from space 60416K, 99% used [0x00000000f7400000,0x00000000fae96f50,0x00000000faf00000)
  to   space 80384K, 0% used [0x00000000fb180000,0x00000000fb180000,0x0000000100000000)
 ParOldGen       total 176128K, used 67676K [0x00000000c0000000, 0x00000000cac00000, 0x00000000eab00000)
  object space 176128K, 38% used [0x00000000c0000000,0x00000000c4217018,0x00000000cac00000)
 Metaspace       used 5850K, capacity 7088K, committed 7296K, reserved 1056768K
  class space    used 550K, capacity 616K, committed 640K, reserved 1048576K
}
Event: 31.162 GC heap before
{Heap before GC invocations=10 (full 2):
 PSYoungGen      total 266240K, used 265819K [0x00000000eab00000, 0x0000000100000000, 0x0000000100000000)
  eden space 205824K, 100% used [0x00000000eab00000,0x00000000f7400000,0x00000000f7400000)
  from space 60416K, 99% used [0x00000000f7400000,0x00000000fae96f50,0x00000000faf00000)
  to   space 80384K, 0% used [0x00000000fb180000,0x00000000fb180000,0x0000000100000000)
 ParOldGen       total 176128K, used 67676K [0x00000000c0000000, 0x00000000cac00000, 0x00000000eab00000)
  object space 176128K, 38% used [0x00000000c0000000,0x00000000c4217018,0x00000000cac00000)
 Metaspace       used 5865K, capacity 7088K, committed 7296K, reserved 1056768K
  class space    used 550K, capacity 616K, committed 640K, reserved 1048576K
Event: 31.510 GC heap after
Heap after GC invocations=10 (full 2):
 PSYoungGen      total 269312K, used 46151K [0x00000000eab00000, 0x0000000100000000, 0x0000000100000000)
  eden space 188928K, 0% used [0x00000000eab00000,0x00000000eab00000,0x00000000f6380000)
  from space 80384K, 57% used [0x00000000fb180000,0x00000000fde91fc8,0x0000000100000000)
  to   space 79872K, 0% used [0x00000000f6380000,0x00000000f6380000,0x00000000fb180000)
 ParOldGen       total 176128K, used 67684K [0x00000000c0000000, 0x00000000cac00000, 0x00000000eab00000)
  object space 176128K, 38% used [0x00000000c0000000,0x00000000c4219018,0x00000000cac00000)
 Metaspace       used 5865K, capacity 7088K, committed 7296K, reserved 1056768K
  class space    used 550K, capacity 616K, committed 640K, reserved 1048576K
}
Event: 35.712 GC heap before
{Heap before GC invocations=11 (full 2):
 PSYoungGen      total 269312K, used 235079K [0x00000000eab00000, 0x0000000100000000, 0x0000000100000000)
  eden space 188928K, 100% used [0x00000000eab00000,0x00000000f6380000,0x00000000f6380000)
  from space 80384K, 57% used [0x00000000fb180000,0x00000000fde91fc8,0x0000000100000000)
  to   space 79872K, 0% used [0x00000000f6380000,0x00000000f6380000,0x00000000fb180000)
 ParOldGen       total 176128K, used 67684K [0x00000000c0000000, 0x00000000cac00000, 0x00000000eab00000)
  object space 176128K, 38% used [0x00000000c0000000,0x00000000c4219018,0x00000000cac00000)
 Metaspace       used 5865K, capacity 7088K, committed 7296K, reserved 1056768K
  class space    used 550K, capacity 616K, committed 640K, reserved 1048576K
Event: 35.953 GC heap after
Heap after GC invocations=11 (full 2):
 PSYoungGen      total 268800K, used 79871K [0x00000000eab00000, 0x0000000100000000, 0x0000000100000000)
  eden space 188928K, 0% used [0x00000000eab00000,0x00000000eab00000,0x00000000f6380000)
  from space 79872K, 99% used [0x00000000f6380000,0x00000000fb17fdc8,0x00000000fb180000)
  to   space 80384K, 0% used [0x00000000fb180000,0x00000000fb180000,0x0000000100000000)
 ParOldGen       total 176128K, used 80631K [0x00000000c0000000, 0x00000000cac00000, 0x00000000eab00000)
  object space 176128K, 45% used [0x00000000c0000000,0x00000000c4ebdf78,0x00000000cac00000)
 Metaspace       used 5865K, capacity 7088K, committed 7296K, reserved 1056768K
  class space    used 550K, capacity 616K, committed 640K, reserved 1048576K
}
Event: 40.727 GC heap before
{Heap before GC invocations=12 (full 2):
 PSYoungGen      total 268800K, used 268799K [0x00000000eab00000, 0x0000000100000000, 0x0000000100000000)
  eden space 188928K, 100% used [0x00000000eab00000,0x00000000f6380000,0x00000000f6380000)
  from space 79872K, 99% used [0x00000000f6380000,0x00000000fb17fdc8,0x00000000fb180000)
  to   space 80384K, 0% used [0x00000000fb180000,0x00000000fb180000,0x0000000100000000)
 ParOldGen       total 176128K, used 80631K [0x00000000c0000000, 0x00000000cac00000, 0x00000000eab00000)
  object space 176128K, 45% used [0x00000000c0000000,0x00000000c4ebdf78,0x00000000cac00000)
 Metaspace       used 5868K, capacity 7088K, committed 7296K, reserved 1056768K
  class space    used 550K, capacity 616K, committed 640K, reserved 1048576K
Event: 41.577 GC heap after
Heap after GC invocations=12 (full 2):
 PSYoungGen      total 226816K, used 65301K [0x00000000eab00000, 0x0000000100000000, 0x0000000100000000)
  eden space 146432K, 0% used [0x00000000eab00000,0x00000000eab00000,0x00000000f3a00000)
  from space 80384K, 81% used [0x00000000fb180000,0x00000000ff145428,0x0000000100000000)
  to   space 101376K, 0% used [0x00000000f3a00000,0x00000000f3a00000,0x00000000f9d00000)
 ParOldGen       total 176128K, used 115242K [0x00000000c0000000, 0x00000000cac00000, 0x00000000eab00000)
  object space 176128K, 65% used [0x00000000c0000000,0x00000000c708aba0,0x00000000cac00000)
 Metaspace       used 5868K, capacity 7088K, committed 7296K, reserved 1056768K
  class space    used 550K, capacity 616K, committed 640K, reserved 1048576K
}

